[ 25%] [32mBuilding CXX object CMakeFiles/abb_rws_state_publisher.dir/src/rws_state_publisher.cpp.o[0m
In file included from [01m[K/home/xi/miniforge3/envs/yumiegmros/include/boost/smart_ptr/detail/requires_cxx11.hpp:9[m[K,
                 from [01m[K/home/xi/miniforge3/envs/yumiegmros/include/boost/smart_ptr/shared_array.hpp:17[m[K,
                 from [01m[K/home/xi/miniforge3/envs/yumiegmros/include/boost/shared_array.hpp:17[m[K,
                 from [01m[K/home/xi/miniforge3/envs/yumiegmros/include/ros/serialized_message.h:33[m[K,
                 from [01m[K/home/xi/miniforge3/envs/yumiegmros/include/ros/serialization.h:36[m[K,
                 from [01m[K/home/xi/miniforge3/envs/yumiegmros/include/sensor_msgs/JointState.h:14[m[K,
                 from [01m[K/home/xi/yumi_ros_noetic/catkin_ws/src/abb_robot_driver/abb_rws_state_publisher/src/rws_state_publisher.cpp:39[m[K:
[01m[K/home/xi/miniforge3/envs/yumiegmros/include/boost/bind.hpp:36:1:[m[K [01;36m[Knote: [m[K'[01m[K#pragma message: The practice of declaring the Bind placeholders (_1, _2, ...) in the global namespace is deprecated. Please use <boost/bind/bind.hpp> + using namespace boost::placeholders, or define BOOST_BIND_GLOBAL_PLACEHOLDERS to retain the current behavior.[m[K'
   36 | [01;36m[KBOOST_PRAGMA_MESSAGE[m[K(
      | [01;36m[K^~~~~~~~~~~~~~~~~~~~[m[K
[ 50%] [32m[1mLinking CXX shared library /home/xi/yumi_ros_noetic/catkin_ws/devel/.private/abb_rws_state_publisher/lib/libabb_rws_state_publisher.so[0m
[ 50%] Built target abb_rws_state_publisher
[ 75%] [32mBuilding CXX object CMakeFiles/abb_rws_state_publisher_exe.dir/src/main.cpp.o[0m
In file included from [01m[K/home/xi/miniforge3/envs/yumiegmros/include/boost/smart_ptr/detail/requires_cxx11.hpp:9[m[K,
                 from [01m[K/home/xi/miniforge3/envs/yumiegmros/include/boost/smart_ptr/shared_ptr.hpp:17[m[K,
                 from [01m[K/home/xi/miniforge3/envs/yumiegmros/include/boost/shared_ptr.hpp:17[m[K,
                 from [01m[K/home/xi/miniforge3/envs/yumiegmros/include/ros/forwards.h:37[m[K,
                 from [01m[K/home/xi/miniforge3/envs/yumiegmros/include/ros/common.h:37[m[K,
                 from [01m[K/home/xi/miniforge3/envs/yumiegmros/include/ros/ros.h:43[m[K,
                 from [01m[K/home/xi/yumi_ros_noetic/catkin_ws/src/abb_robot_driver/abb_rws_state_publisher/src/main.cpp:40[m[K:
[01m[K/home/xi/miniforge3/envs/yumiegmros/include/boost/bind.hpp:36:1:[m[K [01;36m[Knote: [m[K'[01m[K#pragma message: The practice of declaring the Bind placeholders (_1, _2, ...) in the global namespace is deprecated. Please use <boost/bind/bind.hpp> + using namespace boost::placeholders, or define BOOST_BIND_GLOBAL_PLACEHOLDERS to retain the current behavior.[m[K'
   36 | [01;36m[KBOOST_PRAGMA_MESSAGE[m[K(
      | [01;36m[K^~~~~~~~~~~~~~~~~~~~[m[K
[100%] [32m[1mLinking CXX executable /home/xi/yumi_ros_noetic/catkin_ws/devel/.private/abb_rws_state_publisher/lib/abb_rws_state_publisher/rws_state_publisher[0m
[100%] Built target abb_rws_state_publisher_exe
