[ 20%] [32mBuilding CXX object CMakeFiles/abb_robot_cpp_utilities.dir/src/mapping.cpp.o[0m
[ 40%] [32mBuilding CXX object CMakeFiles/abb_robot_cpp_utilities.dir/src/initialization.cpp.o[0m
[ 60%] [32mBuilding CXX object CMakeFiles/abb_robot_cpp_utilities.dir/src/verification.cpp.o[0m
[ 80%] [32mBuilding CXX object CMakeFiles/abb_robot_cpp_utilities.dir/src/parameters.cpp.o[0m
In file included from [01m[K/home/xi/miniforge3/envs/yumiegmros/include/boost/smart_ptr/detail/requires_cxx11.hpp:9[m[K,
                 from [01m[K/home/xi/miniforge3/envs/yumiegmros/include/boost/smart_ptr/shared_ptr.hpp:17[m[K,
                 from [01m[K/home/xi/miniforge3/envs/yumiegmros/include/boost/shared_ptr.hpp:17[m[K,
                 from [01m[K/home/xi/miniforge3/envs/yumiegmros/include/ros/forwards.h:37[m[K,
                 from [01m[K/home/xi/miniforge3/envs/yumiegmros/include/ros/common.h:37[m[K,
                 from [01m[K/home/xi/miniforge3/envs/yumiegmros/include/ros/ros.h:43[m[K,
                 from [01m[K/home/xi/yumi_ros_noetic/catkin_ws/src/abb_robot_driver/abb_robot_cpp_utilities/src/verification.cpp:40[m[K:
[01m[K/home/xi/miniforge3/envs/yumiegmros/include/boost/bind.hpp:36:1:[m[K [01;36m[Knote: [m[K'[01m[K#pragma message: The practice of declaring the Bind placeholders (_1, _2, ...) in the global namespace is deprecated. Please use <boost/bind/bind.hpp> + using namespace boost::placeholders, or define BOOST_BIND_GLOBAL_PLACEHOLDERS to retain the current behavior.[m[K'
   36 | [01;36m[KBOOST_PRAGMA_MESSAGE[m[K(
      | [01;36m[K^~~~~~~~~~~~~~~~~~~~[m[K
In file included from [01m[K/home/xi/miniforge3/envs/yumiegmros/include/boost/smart_ptr/detail/requires_cxx11.hpp:9[m[K,
                 from [01m[K/home/xi/miniforge3/envs/yumiegmros/include/boost/smart_ptr/shared_ptr.hpp:17[m[K,
                 from [01m[K/home/xi/miniforge3/envs/yumiegmros/include/boost/shared_ptr.hpp:17[m[K,
                 from [01m[K/home/xi/miniforge3/envs/yumiegmros/include/ros/forwards.h:37[m[K,
                 from [01m[K/home/xi/miniforge3/envs/yumiegmros/include/ros/common.h:37[m[K,
                 from [01m[K/home/xi/miniforge3/envs/yumiegmros/include/ros/ros.h:43[m[K,
                 from [01m[K/home/xi/yumi_ros_noetic/catkin_ws/src/abb_robot_driver/abb_robot_cpp_utilities/src/initialization.cpp:39[m[K:
[01m[K/home/xi/miniforge3/envs/yumiegmros/include/boost/bind.hpp:36:1:[m[K [01;36m[Knote: [m[K'[01m[K#pragma message: The practice of declaring the Bind placeholders (_1, _2, ...) in the global namespace is deprecated. Please use <boost/bind/bind.hpp> + using namespace boost::placeholders, or define BOOST_BIND_GLOBAL_PLACEHOLDERS to retain the current behavior.[m[K'
   36 | [01;36m[KBOOST_PRAGMA_MESSAGE[m[K(
      | [01;36m[K^~~~~~~~~~~~~~~~~~~~[m[K
In file included from [01m[K/home/xi/miniforge3/envs/yumiegmros/include/boost/smart_ptr/detail/requires_cxx11.hpp:9[m[K,
                 from [01m[K/home/xi/miniforge3/envs/yumiegmros/include/boost/smart_ptr/shared_ptr.hpp:17[m[K,
                 from [01m[K/home/xi/miniforge3/envs/yumiegmros/include/boost/shared_ptr.hpp:17[m[K,
                 from [01m[K/home/xi/miniforge3/envs/yumiegmros/include/ros/forwards.h:37[m[K,
                 from [01m[K/home/xi/miniforge3/envs/yumiegmros/include/ros/common.h:37[m[K,
                 from [01m[K/home/xi/miniforge3/envs/yumiegmros/include/ros/ros.h:43[m[K,
                 from [01m[K/home/xi/yumi_ros_noetic/catkin_ws/src/abb_robot_driver/abb_robot_cpp_utilities/src/mapping.cpp:41[m[K:
[01m[K/home/xi/miniforge3/envs/yumiegmros/include/boost/bind.hpp:36:1:[m[K [01;36m[Knote: [m[K'[01m[K#pragma message: The practice of declaring the Bind placeholders (_1, _2, ...) in the global namespace is deprecated. Please use <boost/bind/bind.hpp> + using namespace boost::placeholders, or define BOOST_BIND_GLOBAL_PLACEHOLDERS to retain the current behavior.[m[K'
   36 | [01;36m[KBOOST_PRAGMA_MESSAGE[m[K(
      | [01;36m[K^~~~~~~~~~~~~~~~~~~~[m[K
In file included from [01m[K/home/xi/miniforge3/envs/yumiegmros/include/boost/system/detail/requires_cxx11.hpp:9[m[K,
                 from [01m[K/home/xi/miniforge3/envs/yumiegmros/include/boost/system/detail/config.hpp:11[m[K,
                 from [01m[K/home/xi/miniforge3/envs/yumiegmros/include/boost/system/detail/error_category.hpp:13[m[K,
                 from [01m[K/home/xi/miniforge3/envs/yumiegmros/include/boost/system/detail/error_code.hpp:14[m[K,
                 from [01m[K/home/xi/miniforge3/envs/yumiegmros/include/boost/system/errc.hpp:14[m[K,
                 from [01m[K/home/xi/miniforge3/envs/yumiegmros/include/boost/system/system_error.hpp:9[m[K,
                 from [01m[K/home/xi/miniforge3/envs/yumiegmros/include/boost/thread/exceptions.hpp:22[m[K,
                 from [01m[K/home/xi/miniforge3/envs/yumiegmros/include/boost/thread/pthread/thread_data.hpp:10[m[K,
                 from [01m[K/home/xi/miniforge3/envs/yumiegmros/include/boost/thread/thread_only.hpp:17[m[K,
                 from [01m[K/home/xi/miniforge3/envs/yumiegmros/include/boost/thread/thread.hpp:12[m[K,
                 from [01m[K/home/xi/miniforge3/envs/yumiegmros/include/boost/thread.hpp:13[m[K,
                 from [01m[K/home/xi/yumi_ros_noetic/catkin_ws/devel/include/abb_libegm/egm_base_interface.h:40[m[K,
                 from [01m[K/home/xi/yumi_ros_noetic/catkin_ws/devel/include/abb_libegm/egm_controller_interface.h:40[m[K,
                 from [01m[K/home/xi/yumi_ros_noetic/catkin_ws/devel/include/abb_egm_rws_managers/data_containers.h:44[m[K,
                 from [01m[K/home/xi/yumi_ros_noetic/catkin_ws/devel/include/abb_egm_rws_managers/utilities.h:46[m[K,
                 from [01m[K/home/xi/yumi_ros_noetic/catkin_ws/src/abb_robot_driver/abb_robot_cpp_utilities/include/abb_robot_cpp_utilities/mapping.h:42[m[K,
                 from [01m[K/home/xi/yumi_ros_noetic/catkin_ws/src/abb_robot_driver/abb_robot_cpp_utilities/src/parameters.cpp:39[m[K:
[01m[K/home/xi/miniforge3/envs/yumiegmros/include/boost/bind.hpp:36:1:[m[K [01;36m[Knote: [m[K'[01m[K#pragma message: The practice of declaring the Bind placeholders (_1, _2, ...) in the global namespace is deprecated. Please use <boost/bind/bind.hpp> + using namespace boost::placeholders, or define BOOST_BIND_GLOBAL_PLACEHOLDERS to retain the current behavior.[m[K'
   36 | [01;36m[KBOOST_PRAGMA_MESSAGE[m[K(
      | [01;36m[K^~~~~~~~~~~~~~~~~~~~[m[K
[100%] [32m[1mLinking CXX shared library /home/xi/yumi_ros_noetic/catkin_ws/devel/.private/abb_robot_cpp_utilities/lib/libabb_robot_cpp_utilities.so[0m
[100%] Built target abb_robot_cpp_utilities
