Not searching for unused variables given on the command line.
[36m--[0m The CXX compiler identification is GNU 13.3.0
[36m--[0m Detecting CXX compiler ABI info
[36m--[0m Detecting CXX compiler ABI info - done
[36m--[0m Check for working CXX compiler: /home/xi/miniforge3/envs/yumiegmros/bin/x86_64-conda-linux-gnu-c++ - skipped
[36m--[0m Detecting CXX compile features
[36m--[0m Detecting CXX compile features - done
[36m--[0m Performing Test CMAKE_HAVE_LIBC_PTHREAD
[36m--[0m Performing Test CMAKE_HAVE_LIBC_PTHREAD - Failed
[36m--[0m Looking for pthread_create in pthreads
[36m--[0m Looking for pthread_create in pthreads - not found
[36m--[0m Looking for pthread_create in pthread
[36m--[0m Looking for pthread_create in pthread - found
[36m--[0m Found Threads: TRUE
[36m--[0m Found Boost: /home/xi/miniforge3/envs/yumiegmros/lib/cmake/Boost-1.82.0/BoostConfig.cmake (found version "1.82.0") found components: regex system thread
[36m--[0m Searching for Poco library...
[36m--[0m   Found Poco!
[36m--[0m components found: Foundation, Net, Util, XML.
[36m--[0m Found Protobuf: /home/xi/miniforge3/envs/yumiegmros/lib/libprotobuf.so;-lpthread (found version "4.25.3")
[36m--[0m Using CATKIN_DEVEL_PREFIX: /home/xi/yumi_ros_noetic/catkin_ws/devel/.private/abb_egm_hardware_interface
[36m--[0m Using CMAKE_PREFIX_PATH: /home/xi/yumi_ros_noetic/catkin_ws/devel;/home/xi/miniforge3/envs/yumiegmros;/home/xi/miniforge3/envs/yumiegmros/x86_64-conda-linux-gnu/sysroot/usr
[36m--[0m This workspace overlays: /home/xi/yumi_ros_noetic/catkin_ws/devel;/home/xi/miniforge3/envs/yumiegmros
[33mCMake Warning (dev) at /home/xi/miniforge3/envs/yumiegmros/share/catkin/cmake/python.cmake:4 (find_package):
  Policy CMP0148 is not set: The FindPythonInterp and FindPythonLibs modules
  are removed.  Run "cmake --help-policy CMP0148" for policy details.  Use
  the cmake_policy command to set the policy and suppress this warning.

[36mCall Stack (most recent call first):[0m
  /home/xi/miniforge3/envs/yumiegmros/share/catkin/cmake/all.cmake:164 (include)
  /home/xi/miniforge3/envs/yumiegmros/share/catkin/cmake/catkinConfig.cmake:20 (include)
  CMakeLists.txt:46 (find_package)
This warning is for project developers.  Use -Wno-dev to suppress it.
[0m
[36m--[0m Found PythonInterp: /home/xi/miniforge3/envs/yumiegmros/bin/python3.11 (found suitable version "3.11.8", minimum required is "3.11")
[36m--[0m Using PYTHON_EXECUTABLE: /home/xi/miniforge3/envs/yumiegmros/bin/python3.11
[36m--[0m Using default Python package layout
[36m--[0m Found PY_em: /home/xi/miniforge3/envs/yumiegmros/lib/python3.11/site-packages/em.py
[36m--[0m Using empy: /home/xi/miniforge3/envs/yumiegmros/lib/python3.11/site-packages/em.py
[36m--[0m Using CATKIN_ENABLE_TESTING: ON
[36m--[0m Call enable_testing()
[36m--[0m Using CATKIN_TEST_RESULTS_DIR: /home/xi/yumi_ros_noetic/catkin_ws/build/abb_egm_hardware_interface/test_results
[36m--[0m Forcing gtest/gmock from source, though one was otherwise available.
[36m--[0m Found gtest sources under '/usr/src/googletest': gtests will be built
[36m--[0m Found gmock sources under '/usr/src/googletest': gmock will be built
[0mCMake Deprecation Warning at /usr/src/googletest/CMakeLists.txt:4 (cmake_minimum_required):
  Compatibility with CMake < 3.5 will be removed from a future version of
  CMake.

  Update the VERSION argument <min> value or use a ...<max> suffix to tell
  CMake that the project does not need compatibility with older versions.

[0m
[36m--[0m The C compiler identification is GNU 13.3.0
[36m--[0m Detecting C compiler ABI info
[36m--[0m Detecting C compiler ABI info - done
[36m--[0m Check for working C compiler: /home/xi/miniforge3/envs/yumiegmros/bin/x86_64-conda-linux-gnu-cc - skipped
[36m--[0m Detecting C compile features
[36m--[0m Detecting C compile features - done
[0mCMake Deprecation Warning at /usr/src/googletest/googlemock/CMakeLists.txt:47 (cmake_minimum_required):
  Compatibility with CMake < 3.5 will be removed from a future version of
  CMake.

  Update the VERSION argument <min> value or use a ...<max> suffix to tell
  CMake that the project does not need compatibility with older versions.

[0m
[0mCMake Deprecation Warning at /usr/src/googletest/googletest/CMakeLists.txt:58 (cmake_minimum_required):
  Compatibility with CMake < 3.5 will be removed from a future version of
  CMake.

  Update the VERSION argument <min> value or use a ...<max> suffix to tell
  CMake that the project does not need compatibility with older versions.

[0m
[36m--[0m Found Python: /home/xi/miniforge3/envs/yer/bin/python3.12 (found version "3.12.0") found components: Interpreter
[36m--[0m Using Python nosetests: /usr/bin/nosetests3
[36m--[0m catkin 0.8.10
[36m--[0m BUILD_SHARED_LIBS is on
[36m--[0m abb_egm_hardware_interface: Defaulting build type to RelWithDebInfo
[36m--[0m Configuring done (1.2s)
[36m--[0m Generating done (0.0s)
[36m--[0m Build files have been written to: /home/xi/yumi_ros_noetic/catkin_ws/build/abb_egm_hardware_interface
